GPU available: True (cuda), used: True
TPU available: False, using: 0 TPU cores
IPU available: False, using: 0 IPUs
HPU available: False, using: 0 HPUs
Initializing distributed: GLOBAL_RANK: 0, MEMBER: 1/1
----------------------------------------------------------------------------------------------------
distributed_backend=nccl
All distributed processes registered. Starting with 1 processes
----------------------------------------------------------------------------------------------------

LOCAL_RANK: 0 - CUDA_VISIBLE_DEVICES: [0,1,2,3]

  | Name      | Type      | Params
----------------------------------------
0 | model     | SimVPgsta | 6.2 M 
1 | criterion | MSELoss   | 0     
----------------------------------------
6.2 M     Trainable params
0         Non-trainable params
6.2 M     Total params
24.978    Total estimated model params size (MB)
SLURM auto-requeueing enabled. Setting signal handlers.
/ext3/miniconda3/lib/python3.11/site-packages/pytorch_lightning/trainer/connectors/data_connector.py:441: The 'val_dataloader' does not have many workers which may be a bottleneck. Consider increasing the value of the `num_workers` argument` to `num_workers=5` in the `DataLoader` to improve performance.
Traceback (most recent call last):
  File "/home/sa7445/video-prediction/main_gsta_multgpu_lightning.py", line 134, in <module>
    trainer.fit(model, data_module)
  File "/ext3/miniconda3/lib/python3.11/site-packages/pytorch_lightning/trainer/trainer.py", line 544, in fit
    call._call_and_handle_interrupt(
  File "/ext3/miniconda3/lib/python3.11/site-packages/pytorch_lightning/trainer/call.py", line 44, in _call_and_handle_interrupt
    return trainer_fn(*args, **kwargs)
           ^^^^^^^^^^^^^^^^^^^^^^^^^^^
  File "/ext3/miniconda3/lib/python3.11/site-packages/pytorch_lightning/trainer/trainer.py", line 580, in _fit_impl
    self._run(model, ckpt_path=ckpt_path)
  File "/ext3/miniconda3/lib/python3.11/site-packages/pytorch_lightning/trainer/trainer.py", line 989, in _run
    results = self._run_stage()
              ^^^^^^^^^^^^^^^^^
  File "/ext3/miniconda3/lib/python3.11/site-packages/pytorch_lightning/trainer/trainer.py", line 1033, in _run_stage
    self._run_sanity_check()
  File "/ext3/miniconda3/lib/python3.11/site-packages/pytorch_lightning/trainer/trainer.py", line 1062, in _run_sanity_check
    val_loop.run()
  File "/ext3/miniconda3/lib/python3.11/site-packages/pytorch_lightning/loops/utilities.py", line 182, in _decorator
    return loop_run(self, *args, **kwargs)
           ^^^^^^^^^^^^^^^^^^^^^^^^^^^^^^^
  File "/ext3/miniconda3/lib/python3.11/site-packages/pytorch_lightning/loops/evaluation_loop.py", line 134, in run
    self._evaluation_step(batch, batch_idx, dataloader_idx, dataloader_iter)
  File "/ext3/miniconda3/lib/python3.11/site-packages/pytorch_lightning/loops/evaluation_loop.py", line 391, in _evaluation_step
    output = call._call_strategy_hook(trainer, hook_name, *step_args)
             ^^^^^^^^^^^^^^^^^^^^^^^^^^^^^^^^^^^^^^^^^^^^^^^^^^^^^^^^
  File "/ext3/miniconda3/lib/python3.11/site-packages/pytorch_lightning/trainer/call.py", line 309, in _call_strategy_hook
    output = fn(*args, **kwargs)
             ^^^^^^^^^^^^^^^^^^^
  File "/ext3/miniconda3/lib/python3.11/site-packages/pytorch_lightning/strategies/strategy.py", line 402, in validation_step
    return self._forward_redirection(self.model, self.lightning_module, "validation_step", *args, **kwargs)
           ^^^^^^^^^^^^^^^^^^^^^^^^^^^^^^^^^^^^^^^^^^^^^^^^^^^^^^^^^^^^^^^^^^^^^^^^^^^^^^^^^^^^^^^^^^^^^^^^
  File "/ext3/miniconda3/lib/python3.11/site-packages/pytorch_lightning/strategies/strategy.py", line 633, in __call__
    wrapper_output = wrapper_module(*args, **kwargs)
                     ^^^^^^^^^^^^^^^^^^^^^^^^^^^^^^^
  File "/ext3/miniconda3/lib/python3.11/site-packages/torch/nn/modules/module.py", line 1501, in _call_impl
    return forward_call(*args, **kwargs)
           ^^^^^^^^^^^^^^^^^^^^^^^^^^^^^
  File "/ext3/miniconda3/lib/python3.11/site-packages/torch/distributed/fsdp/fully_sharded_data_parallel.py", line 748, in forward
    output = self._fsdp_wrapped_module(*args, **kwargs)
             ^^^^^^^^^^^^^^^^^^^^^^^^^^^^^^^^^^^^^^^^^^
  File "/ext3/miniconda3/lib/python3.11/site-packages/torch/nn/modules/module.py", line 1501, in _call_impl
    return forward_call(*args, **kwargs)
           ^^^^^^^^^^^^^^^^^^^^^^^^^^^^^
  File "/ext3/miniconda3/lib/python3.11/site-packages/pytorch_lightning/strategies/strategy.py", line 626, in wrapped_forward
    out = method(*_args, **_kwargs)
          ^^^^^^^^^^^^^^^^^^^^^^^^^
  File "/home/sa7445/video-prediction/main_gsta_multgpu_lightning.py", line 58, in validation_step
    predicted_frames = self(ames)
                            ^^^^
NameError: name 'ames' is not defined
